[2024-12-23 04:55:42] [error]: Error while connecting to database 

            Error: ConnectionError: Failed to connect to 100.98.115.51:1433 in 15000ms
    at C:\Users\Admin\Angular Projects\Todo-Fullsatck-App\Backend\node_modules\mssql\lib\tedious\connection-pool.js:71:17
    at Connection.onConnect (C:\Users\Admin\Angular Projects\Todo-Fullsatck-App\Backend\node_modules\tedious\lib\connection.js:1043:9)
    at Object.onceWrapper (node:events:639:26)
    at Connection.emit (node:events:524:28)
    at Connection.emit (C:\Users\Admin\Angular Projects\Todo-Fullsatck-App\Backend\node_modules\tedious\lib\connection.js:1071:18)
    at Connection.connectTimeout (C:\Users\Admin\Angular Projects\Todo-Fullsatck-App\Backend\node_modules\tedious\lib\connection.js:1530:10)
    at Timeout._onTimeout (C:\Users\Admin\Angular Projects\Todo-Fullsatck-App\Backend\node_modules\tedious\lib\connection.js:1475:12)
    at listOnTimeout (node:internal/timers:594:17)
    at process.processTimers (node:internal/timers:529:7)

            Error Code: ETIMEOUT

            Original error: ConnectionError: Failed to connect to 100.98.115.51:1433 in 15000ms

            Preceding error: undefined

            Error Name: ConnectionError

            Error Code: ETIMEOUT

            Error Message: Failed to connect to 100.98.115.51:1433 in 15000ms

            Error Number: undefined

            Error State: undefined

            Error Class: undefined

            Error Line number: undefined

            Error Server Name: undefined

            Error Procedure Name: undefined
[2024-12-23 04:55:42] [error]: {"code":"ETIMEOUT","originalError":{"message":"Failed to connect to 100.98.115.51:1433 in 15000ms","code":"ETIMEOUT"},"name":"ConnectionError"}
[2024-12-23 04:55:57] [error]: Error while connecting to database 

            Error: ConnectionError: Failed to connect to 100.98.115.51:1433 in 15000ms
    at C:\Users\Admin\Angular Projects\Todo-Fullsatck-App\Backend\node_modules\mssql\lib\tedious\connection-pool.js:71:17
    at Connection.onConnect (C:\Users\Admin\Angular Projects\Todo-Fullsatck-App\Backend\node_modules\tedious\lib\connection.js:1043:9)
    at Object.onceWrapper (node:events:639:26)
    at Connection.emit (node:events:524:28)
    at Connection.emit (C:\Users\Admin\Angular Projects\Todo-Fullsatck-App\Backend\node_modules\tedious\lib\connection.js:1071:18)
    at Connection.connectTimeout (C:\Users\Admin\Angular Projects\Todo-Fullsatck-App\Backend\node_modules\tedious\lib\connection.js:1530:10)
    at Timeout._onTimeout (C:\Users\Admin\Angular Projects\Todo-Fullsatck-App\Backend\node_modules\tedious\lib\connection.js:1475:12)
    at listOnTimeout (node:internal/timers:594:17)
    at process.processTimers (node:internal/timers:529:7)

            Error Code: ETIMEOUT

            Original error: ConnectionError: Failed to connect to 100.98.115.51:1433 in 15000ms

            Preceding error: undefined

            Error Name: ConnectionError

            Error Code: ETIMEOUT

            Error Message: Failed to connect to 100.98.115.51:1433 in 15000ms

            Error Number: undefined

            Error State: undefined

            Error Class: undefined

            Error Line number: undefined

            Error Server Name: undefined

            Error Procedure Name: undefined
[2024-12-23 04:55:57] [error]: {"code":"ETIMEOUT","originalError":{"message":"Failed to connect to 100.98.115.51:1433 in 15000ms","code":"ETIMEOUT"},"name":"ConnectionError"}
[2024-12-23 04:56:12] [error]: Error while connecting to database 

            Error: ConnectionError: Failed to connect to 100.98.115.51:1433 in 15000ms
    at C:\Users\Admin\Angular Projects\Todo-Fullsatck-App\Backend\node_modules\mssql\lib\tedious\connection-pool.js:71:17
    at Connection.onConnect (C:\Users\Admin\Angular Projects\Todo-Fullsatck-App\Backend\node_modules\tedious\lib\connection.js:1043:9)
    at Object.onceWrapper (node:events:639:26)
    at Connection.emit (node:events:524:28)
    at Connection.emit (C:\Users\Admin\Angular Projects\Todo-Fullsatck-App\Backend\node_modules\tedious\lib\connection.js:1071:18)
    at Connection.connectTimeout (C:\Users\Admin\Angular Projects\Todo-Fullsatck-App\Backend\node_modules\tedious\lib\connection.js:1530:10)
    at Timeout._onTimeout (C:\Users\Admin\Angular Projects\Todo-Fullsatck-App\Backend\node_modules\tedious\lib\connection.js:1475:12)
    at listOnTimeout (node:internal/timers:594:17)
    at process.processTimers (node:internal/timers:529:7)

            Error Code: ETIMEOUT

            Original error: ConnectionError: Failed to connect to 100.98.115.51:1433 in 15000ms

            Preceding error: undefined

            Error Name: ConnectionError

            Error Code: ETIMEOUT

            Error Message: Failed to connect to 100.98.115.51:1433 in 15000ms

            Error Number: undefined

            Error State: undefined

            Error Class: undefined

            Error Line number: undefined

            Error Server Name: undefined

            Error Procedure Name: undefined
[2024-12-23 04:56:12] [error]: {"code":"ETIMEOUT","originalError":{"message":"Failed to connect to 100.98.115.51:1433 in 15000ms","code":"ETIMEOUT"},"name":"ConnectionError"}
[2024-12-23 04:56:27] [error]: Error while connecting to database 

            Error: ConnectionError: Failed to connect to 100.98.115.51:1433 in 15000ms
    at C:\Users\Admin\Angular Projects\Todo-Fullsatck-App\Backend\node_modules\mssql\lib\tedious\connection-pool.js:71:17
    at Connection.onConnect (C:\Users\Admin\Angular Projects\Todo-Fullsatck-App\Backend\node_modules\tedious\lib\connection.js:1043:9)
    at Object.onceWrapper (node:events:639:26)
    at Connection.emit (node:events:524:28)
    at Connection.emit (C:\Users\Admin\Angular Projects\Todo-Fullsatck-App\Backend\node_modules\tedious\lib\connection.js:1071:18)
    at Connection.connectTimeout (C:\Users\Admin\Angular Projects\Todo-Fullsatck-App\Backend\node_modules\tedious\lib\connection.js:1530:10)
    at Timeout._onTimeout (C:\Users\Admin\Angular Projects\Todo-Fullsatck-App\Backend\node_modules\tedious\lib\connection.js:1475:12)
    at listOnTimeout (node:internal/timers:594:17)
    at process.processTimers (node:internal/timers:529:7)

            Error Code: ETIMEOUT

            Original error: ConnectionError: Failed to connect to 100.98.115.51:1433 in 15000ms

            Preceding error: undefined

            Error Name: ConnectionError

            Error Code: ETIMEOUT

            Error Message: Failed to connect to 100.98.115.51:1433 in 15000ms

            Error Number: undefined

            Error State: undefined

            Error Class: undefined

            Error Line number: undefined

            Error Server Name: undefined

            Error Procedure Name: undefined
[2024-12-23 04:56:27] [error]: {"code":"ETIMEOUT","originalError":{"message":"Failed to connect to 100.98.115.51:1433 in 15000ms","code":"ETIMEOUT"},"name":"ConnectionError"}
[2024-12-23 04:56:42] [error]: Error while connecting to database 

            Error: ConnectionError: Failed to connect to 100.98.115.51:1433 in 15000ms
    at C:\Users\Admin\Angular Projects\Todo-Fullsatck-App\Backend\node_modules\mssql\lib\tedious\connection-pool.js:71:17
    at Connection.onConnect (C:\Users\Admin\Angular Projects\Todo-Fullsatck-App\Backend\node_modules\tedious\lib\connection.js:1043:9)
    at Object.onceWrapper (node:events:639:26)
    at Connection.emit (node:events:524:28)
    at Connection.emit (C:\Users\Admin\Angular Projects\Todo-Fullsatck-App\Backend\node_modules\tedious\lib\connection.js:1071:18)
    at Connection.connectTimeout (C:\Users\Admin\Angular Projects\Todo-Fullsatck-App\Backend\node_modules\tedious\lib\connection.js:1530:10)
    at Timeout._onTimeout (C:\Users\Admin\Angular Projects\Todo-Fullsatck-App\Backend\node_modules\tedious\lib\connection.js:1475:12)
    at listOnTimeout (node:internal/timers:594:17)
    at process.processTimers (node:internal/timers:529:7)

            Error Code: ETIMEOUT

            Original error: ConnectionError: Failed to connect to 100.98.115.51:1433 in 15000ms

            Preceding error: undefined

            Error Name: ConnectionError

            Error Code: ETIMEOUT

            Error Message: Failed to connect to 100.98.115.51:1433 in 15000ms

            Error Number: undefined

            Error State: undefined

            Error Class: undefined

            Error Line number: undefined

            Error Server Name: undefined

            Error Procedure Name: undefined
[2024-12-23 04:56:42] [error]: {"code":"ETIMEOUT","originalError":{"message":"Failed to connect to 100.98.115.51:1433 in 15000ms","code":"ETIMEOUT"},"name":"ConnectionError"}
[2024-12-23 04:56:57] [error]: Error while connecting to database 

            Error: ConnectionError: Failed to connect to 100.98.115.51:1433 in 15000ms
    at C:\Users\Admin\Angular Projects\Todo-Fullsatck-App\Backend\node_modules\mssql\lib\tedious\connection-pool.js:71:17
    at Connection.onConnect (C:\Users\Admin\Angular Projects\Todo-Fullsatck-App\Backend\node_modules\tedious\lib\connection.js:1043:9)
    at Object.onceWrapper (node:events:639:26)
    at Connection.emit (node:events:524:28)
    at Connection.emit (C:\Users\Admin\Angular Projects\Todo-Fullsatck-App\Backend\node_modules\tedious\lib\connection.js:1071:18)
    at Connection.connectTimeout (C:\Users\Admin\Angular Projects\Todo-Fullsatck-App\Backend\node_modules\tedious\lib\connection.js:1530:10)
    at Timeout._onTimeout (C:\Users\Admin\Angular Projects\Todo-Fullsatck-App\Backend\node_modules\tedious\lib\connection.js:1475:12)
    at listOnTimeout (node:internal/timers:594:17)
    at process.processTimers (node:internal/timers:529:7)

            Error Code: ETIMEOUT

            Original error: ConnectionError: Failed to connect to 100.98.115.51:1433 in 15000ms

            Preceding error: undefined

            Error Name: ConnectionError

            Error Code: ETIMEOUT

            Error Message: Failed to connect to 100.98.115.51:1433 in 15000ms

            Error Number: undefined

            Error State: undefined

            Error Class: undefined

            Error Line number: undefined

            Error Server Name: undefined

            Error Procedure Name: undefined
[2024-12-23 04:56:57] [error]: {"code":"ETIMEOUT","originalError":{"message":"Failed to connect to 100.98.115.51:1433 in 15000ms","code":"ETIMEOUT"},"name":"ConnectionError"}
[2024-12-23 04:57:12] [error]: Error while connecting to database 

            Error: ConnectionError: Failed to connect to 100.98.115.51:1433 in 15000ms
    at C:\Users\Admin\Angular Projects\Todo-Fullsatck-App\Backend\node_modules\mssql\lib\tedious\connection-pool.js:71:17
    at Connection.onConnect (C:\Users\Admin\Angular Projects\Todo-Fullsatck-App\Backend\node_modules\tedious\lib\connection.js:1043:9)
    at Object.onceWrapper (node:events:639:26)
    at Connection.emit (node:events:524:28)
    at Connection.emit (C:\Users\Admin\Angular Projects\Todo-Fullsatck-App\Backend\node_modules\tedious\lib\connection.js:1071:18)
    at Connection.connectTimeout (C:\Users\Admin\Angular Projects\Todo-Fullsatck-App\Backend\node_modules\tedious\lib\connection.js:1530:10)
    at Timeout._onTimeout (C:\Users\Admin\Angular Projects\Todo-Fullsatck-App\Backend\node_modules\tedious\lib\connection.js:1475:12)
    at listOnTimeout (node:internal/timers:594:17)
    at process.processTimers (node:internal/timers:529:7)

            Error Code: ETIMEOUT

            Original error: ConnectionError: Failed to connect to 100.98.115.51:1433 in 15000ms

            Preceding error: undefined

            Error Name: ConnectionError

            Error Code: ETIMEOUT

            Error Message: Failed to connect to 100.98.115.51:1433 in 15000ms

            Error Number: undefined

            Error State: undefined

            Error Class: undefined

            Error Line number: undefined

            Error Server Name: undefined

            Error Procedure Name: undefined
[2024-12-23 04:57:12] [error]: {"code":"ETIMEOUT","originalError":{"message":"Failed to connect to 100.98.115.51:1433 in 15000ms","code":"ETIMEOUT"},"name":"ConnectionError"}
[2024-12-23 04:57:27] [error]: Error while connecting to database 

            Error: ConnectionError: Failed to connect to 100.98.115.51:1433 in 15000ms
    at C:\Users\Admin\Angular Projects\Todo-Fullsatck-App\Backend\node_modules\mssql\lib\tedious\connection-pool.js:71:17
    at Connection.onConnect (C:\Users\Admin\Angular Projects\Todo-Fullsatck-App\Backend\node_modules\tedious\lib\connection.js:1043:9)
    at Object.onceWrapper (node:events:639:26)
    at Connection.emit (node:events:524:28)
    at Connection.emit (C:\Users\Admin\Angular Projects\Todo-Fullsatck-App\Backend\node_modules\tedious\lib\connection.js:1071:18)
    at Connection.connectTimeout (C:\Users\Admin\Angular Projects\Todo-Fullsatck-App\Backend\node_modules\tedious\lib\connection.js:1530:10)
    at Timeout._onTimeout (C:\Users\Admin\Angular Projects\Todo-Fullsatck-App\Backend\node_modules\tedious\lib\connection.js:1475:12)
    at listOnTimeout (node:internal/timers:594:17)
    at process.processTimers (node:internal/timers:529:7)

            Error Code: ETIMEOUT

            Original error: ConnectionError: Failed to connect to 100.98.115.51:1433 in 15000ms

            Preceding error: undefined

            Error Name: ConnectionError

            Error Code: ETIMEOUT

            Error Message: Failed to connect to 100.98.115.51:1433 in 15000ms

            Error Number: undefined

            Error State: undefined

            Error Class: undefined

            Error Line number: undefined

            Error Server Name: undefined

            Error Procedure Name: undefined
[2024-12-23 04:57:27] [error]: {"code":"ETIMEOUT","originalError":{"message":"Failed to connect to 100.98.115.51:1433 in 15000ms","code":"ETIMEOUT"},"name":"ConnectionError"}
[2024-12-23 04:57:42] [error]: Error while connecting to database 

            Error: ConnectionError: Failed to connect to 100.98.115.51:1433 in 15000ms
    at C:\Users\Admin\Angular Projects\Todo-Fullsatck-App\Backend\node_modules\mssql\lib\tedious\connection-pool.js:71:17
    at Connection.onConnect (C:\Users\Admin\Angular Projects\Todo-Fullsatck-App\Backend\node_modules\tedious\lib\connection.js:1043:9)
    at Object.onceWrapper (node:events:639:26)
    at Connection.emit (node:events:524:28)
    at Connection.emit (C:\Users\Admin\Angular Projects\Todo-Fullsatck-App\Backend\node_modules\tedious\lib\connection.js:1071:18)
    at Connection.connectTimeout (C:\Users\Admin\Angular Projects\Todo-Fullsatck-App\Backend\node_modules\tedious\lib\connection.js:1530:10)
    at Timeout._onTimeout (C:\Users\Admin\Angular Projects\Todo-Fullsatck-App\Backend\node_modules\tedious\lib\connection.js:1475:12)
    at listOnTimeout (node:internal/timers:594:17)
    at process.processTimers (node:internal/timers:529:7)

            Error Code: ETIMEOUT

            Original error: ConnectionError: Failed to connect to 100.98.115.51:1433 in 15000ms

            Preceding error: undefined

            Error Name: ConnectionError

            Error Code: ETIMEOUT

            Error Message: Failed to connect to 100.98.115.51:1433 in 15000ms

            Error Number: undefined

            Error State: undefined

            Error Class: undefined

            Error Line number: undefined

            Error Server Name: undefined

            Error Procedure Name: undefined
[2024-12-23 04:57:42] [error]: {"code":"ETIMEOUT","originalError":{"message":"Failed to connect to 100.98.115.51:1433 in 15000ms","code":"ETIMEOUT"},"name":"ConnectionError"}
[2024-12-23 04:57:57] [error]: Error while connecting to database 

            Error: ConnectionError: Failed to connect to 100.98.115.51:1433 in 15000ms
    at C:\Users\Admin\Angular Projects\Todo-Fullsatck-App\Backend\node_modules\mssql\lib\tedious\connection-pool.js:71:17
    at Connection.onConnect (C:\Users\Admin\Angular Projects\Todo-Fullsatck-App\Backend\node_modules\tedious\lib\connection.js:1043:9)
    at Object.onceWrapper (node:events:639:26)
    at Connection.emit (node:events:524:28)
    at Connection.emit (C:\Users\Admin\Angular Projects\Todo-Fullsatck-App\Backend\node_modules\tedious\lib\connection.js:1071:18)
    at Connection.connectTimeout (C:\Users\Admin\Angular Projects\Todo-Fullsatck-App\Backend\node_modules\tedious\lib\connection.js:1530:10)
    at Timeout._onTimeout (C:\Users\Admin\Angular Projects\Todo-Fullsatck-App\Backend\node_modules\tedious\lib\connection.js:1475:12)
    at listOnTimeout (node:internal/timers:594:17)
    at process.processTimers (node:internal/timers:529:7)

            Error Code: ETIMEOUT

            Original error: ConnectionError: Failed to connect to 100.98.115.51:1433 in 15000ms

            Preceding error: undefined

            Error Name: ConnectionError

            Error Code: ETIMEOUT

            Error Message: Failed to connect to 100.98.115.51:1433 in 15000ms

            Error Number: undefined

            Error State: undefined

            Error Class: undefined

            Error Line number: undefined

            Error Server Name: undefined

            Error Procedure Name: undefined
[2024-12-23 04:57:57] [error]: {"code":"ETIMEOUT","originalError":{"message":"Failed to connect to 100.98.115.51:1433 in 15000ms","code":"ETIMEOUT"},"name":"ConnectionError"}
[2024-12-23 04:58:12] [error]: Error while connecting to database 

            Error: ConnectionError: Failed to connect to 100.98.115.51:1433 in 15000ms
    at C:\Users\Admin\Angular Projects\Todo-Fullsatck-App\Backend\node_modules\mssql\lib\tedious\connection-pool.js:71:17
    at Connection.onConnect (C:\Users\Admin\Angular Projects\Todo-Fullsatck-App\Backend\node_modules\tedious\lib\connection.js:1043:9)
    at Object.onceWrapper (node:events:639:26)
    at Connection.emit (node:events:524:28)
    at Connection.emit (C:\Users\Admin\Angular Projects\Todo-Fullsatck-App\Backend\node_modules\tedious\lib\connection.js:1071:18)
    at Connection.connectTimeout (C:\Users\Admin\Angular Projects\Todo-Fullsatck-App\Backend\node_modules\tedious\lib\connection.js:1530:10)
    at Timeout._onTimeout (C:\Users\Admin\Angular Projects\Todo-Fullsatck-App\Backend\node_modules\tedious\lib\connection.js:1475:12)
    at listOnTimeout (node:internal/timers:594:17)
    at process.processTimers (node:internal/timers:529:7)

            Error Code: ETIMEOUT

            Original error: ConnectionError: Failed to connect to 100.98.115.51:1433 in 15000ms

            Preceding error: undefined

            Error Name: ConnectionError

            Error Code: ETIMEOUT

            Error Message: Failed to connect to 100.98.115.51:1433 in 15000ms

            Error Number: undefined

            Error State: undefined

            Error Class: undefined

            Error Line number: undefined

            Error Server Name: undefined

            Error Procedure Name: undefined
[2024-12-23 04:58:12] [error]: {"code":"ETIMEOUT","originalError":{"message":"Failed to connect to 100.98.115.51:1433 in 15000ms","code":"ETIMEOUT"},"name":"ConnectionError"}
[2024-12-23 04:58:27] [error]: Error while connecting to database 

            Error: ConnectionError: Failed to connect to 100.98.115.51:1433 in 15000ms
    at C:\Users\Admin\Angular Projects\Todo-Fullsatck-App\Backend\node_modules\mssql\lib\tedious\connection-pool.js:71:17
    at Connection.onConnect (C:\Users\Admin\Angular Projects\Todo-Fullsatck-App\Backend\node_modules\tedious\lib\connection.js:1043:9)
    at Object.onceWrapper (node:events:639:26)
    at Connection.emit (node:events:524:28)
    at Connection.emit (C:\Users\Admin\Angular Projects\Todo-Fullsatck-App\Backend\node_modules\tedious\lib\connection.js:1071:18)
    at Connection.connectTimeout (C:\Users\Admin\Angular Projects\Todo-Fullsatck-App\Backend\node_modules\tedious\lib\connection.js:1530:10)
    at Timeout._onTimeout (C:\Users\Admin\Angular Projects\Todo-Fullsatck-App\Backend\node_modules\tedious\lib\connection.js:1475:12)
    at listOnTimeout (node:internal/timers:594:17)
    at process.processTimers (node:internal/timers:529:7)

            Error Code: ETIMEOUT

            Original error: ConnectionError: Failed to connect to 100.98.115.51:1433 in 15000ms

            Preceding error: undefined

            Error Name: ConnectionError

            Error Code: ETIMEOUT

            Error Message: Failed to connect to 100.98.115.51:1433 in 15000ms

            Error Number: undefined

            Error State: undefined

            Error Class: undefined

            Error Line number: undefined

            Error Server Name: undefined

            Error Procedure Name: undefined
[2024-12-23 04:58:27] [error]: {"code":"ETIMEOUT","originalError":{"message":"Failed to connect to 100.98.115.51:1433 in 15000ms","code":"ETIMEOUT"},"name":"ConnectionError"}
[2024-12-23 04:58:42] [error]: Error while connecting to database 

            Error: ConnectionError: Failed to connect to 100.98.115.51:1433 in 15000ms
    at C:\Users\Admin\Angular Projects\Todo-Fullsatck-App\Backend\node_modules\mssql\lib\tedious\connection-pool.js:71:17
    at Connection.onConnect (C:\Users\Admin\Angular Projects\Todo-Fullsatck-App\Backend\node_modules\tedious\lib\connection.js:1043:9)
    at Object.onceWrapper (node:events:639:26)
    at Connection.emit (node:events:524:28)
    at Connection.emit (C:\Users\Admin\Angular Projects\Todo-Fullsatck-App\Backend\node_modules\tedious\lib\connection.js:1071:18)
    at Connection.connectTimeout (C:\Users\Admin\Angular Projects\Todo-Fullsatck-App\Backend\node_modules\tedious\lib\connection.js:1530:10)
    at Timeout._onTimeout (C:\Users\Admin\Angular Projects\Todo-Fullsatck-App\Backend\node_modules\tedious\lib\connection.js:1475:12)
    at listOnTimeout (node:internal/timers:594:17)
    at process.processTimers (node:internal/timers:529:7)

            Error Code: ETIMEOUT

            Original error: ConnectionError: Failed to connect to 100.98.115.51:1433 in 15000ms

            Preceding error: undefined

            Error Name: ConnectionError

            Error Code: ETIMEOUT

            Error Message: Failed to connect to 100.98.115.51:1433 in 15000ms

            Error Number: undefined

            Error State: undefined

            Error Class: undefined

            Error Line number: undefined

            Error Server Name: undefined

            Error Procedure Name: undefined
[2024-12-23 04:58:42] [error]: {"code":"ETIMEOUT","originalError":{"message":"Failed to connect to 100.98.115.51:1433 in 15000ms","code":"ETIMEOUT"},"name":"ConnectionError"}
[2024-12-23 04:58:57] [error]: Error while connecting to database 

            Error: ConnectionError: Failed to connect to 100.98.115.51:1433 in 15000ms
    at C:\Users\Admin\Angular Projects\Todo-Fullsatck-App\Backend\node_modules\mssql\lib\tedious\connection-pool.js:71:17
    at Connection.onConnect (C:\Users\Admin\Angular Projects\Todo-Fullsatck-App\Backend\node_modules\tedious\lib\connection.js:1043:9)
    at Object.onceWrapper (node:events:639:26)
    at Connection.emit (node:events:524:28)
    at Connection.emit (C:\Users\Admin\Angular Projects\Todo-Fullsatck-App\Backend\node_modules\tedious\lib\connection.js:1071:18)
    at Connection.connectTimeout (C:\Users\Admin\Angular Projects\Todo-Fullsatck-App\Backend\node_modules\tedious\lib\connection.js:1530:10)
    at Timeout._onTimeout (C:\Users\Admin\Angular Projects\Todo-Fullsatck-App\Backend\node_modules\tedious\lib\connection.js:1475:12)
    at listOnTimeout (node:internal/timers:594:17)
    at process.processTimers (node:internal/timers:529:7)

            Error Code: ETIMEOUT

            Original error: ConnectionError: Failed to connect to 100.98.115.51:1433 in 15000ms

            Preceding error: undefined

            Error Name: ConnectionError

            Error Code: ETIMEOUT

            Error Message: Failed to connect to 100.98.115.51:1433 in 15000ms

            Error Number: undefined

            Error State: undefined

            Error Class: undefined

            Error Line number: undefined

            Error Server Name: undefined

            Error Procedure Name: undefined
[2024-12-23 04:58:57] [error]: {"code":"ETIMEOUT","originalError":{"message":"Failed to connect to 100.98.115.51:1433 in 15000ms","code":"ETIMEOUT"},"name":"ConnectionError"}
[2024-12-23 04:59:12] [error]: Error while connecting to database 

            Error: ConnectionError: Failed to connect to 100.98.115.51:1433 in 15000ms
    at C:\Users\Admin\Angular Projects\Todo-Fullsatck-App\Backend\node_modules\mssql\lib\tedious\connection-pool.js:71:17
    at Connection.onConnect (C:\Users\Admin\Angular Projects\Todo-Fullsatck-App\Backend\node_modules\tedious\lib\connection.js:1043:9)
    at Object.onceWrapper (node:events:639:26)
    at Connection.emit (node:events:524:28)
    at Connection.emit (C:\Users\Admin\Angular Projects\Todo-Fullsatck-App\Backend\node_modules\tedious\lib\connection.js:1071:18)
    at Connection.connectTimeout (C:\Users\Admin\Angular Projects\Todo-Fullsatck-App\Backend\node_modules\tedious\lib\connection.js:1530:10)
    at Timeout._onTimeout (C:\Users\Admin\Angular Projects\Todo-Fullsatck-App\Backend\node_modules\tedious\lib\connection.js:1475:12)
    at listOnTimeout (node:internal/timers:594:17)
    at process.processTimers (node:internal/timers:529:7)

            Error Code: ETIMEOUT

            Original error: ConnectionError: Failed to connect to 100.98.115.51:1433 in 15000ms

            Preceding error: undefined

            Error Name: ConnectionError

            Error Code: ETIMEOUT

            Error Message: Failed to connect to 100.98.115.51:1433 in 15000ms

            Error Number: undefined

            Error State: undefined

            Error Class: undefined

            Error Line number: undefined

            Error Server Name: undefined

            Error Procedure Name: undefined
[2024-12-23 04:59:12] [error]: {"code":"ETIMEOUT","originalError":{"message":"Failed to connect to 100.98.115.51:1433 in 15000ms","code":"ETIMEOUT"},"name":"ConnectionError"}
[2024-12-23 04:59:27] [error]: Error while connecting to database 

            Error: ConnectionError: Failed to connect to 100.98.115.51:1433 in 15000ms
    at C:\Users\Admin\Angular Projects\Todo-Fullsatck-App\Backend\node_modules\mssql\lib\tedious\connection-pool.js:71:17
    at Connection.onConnect (C:\Users\Admin\Angular Projects\Todo-Fullsatck-App\Backend\node_modules\tedious\lib\connection.js:1043:9)
    at Object.onceWrapper (node:events:639:26)
    at Connection.emit (node:events:524:28)
    at Connection.emit (C:\Users\Admin\Angular Projects\Todo-Fullsatck-App\Backend\node_modules\tedious\lib\connection.js:1071:18)
    at Connection.connectTimeout (C:\Users\Admin\Angular Projects\Todo-Fullsatck-App\Backend\node_modules\tedious\lib\connection.js:1530:10)
    at Timeout._onTimeout (C:\Users\Admin\Angular Projects\Todo-Fullsatck-App\Backend\node_modules\tedious\lib\connection.js:1475:12)
    at listOnTimeout (node:internal/timers:594:17)
    at process.processTimers (node:internal/timers:529:7)

            Error Code: ETIMEOUT

            Original error: ConnectionError: Failed to connect to 100.98.115.51:1433 in 15000ms

            Preceding error: undefined

            Error Name: ConnectionError

            Error Code: ETIMEOUT

            Error Message: Failed to connect to 100.98.115.51:1433 in 15000ms

            Error Number: undefined

            Error State: undefined

            Error Class: undefined

            Error Line number: undefined

            Error Server Name: undefined

            Error Procedure Name: undefined
[2024-12-23 04:59:27] [error]: {"code":"ETIMEOUT","originalError":{"message":"Failed to connect to 100.98.115.51:1433 in 15000ms","code":"ETIMEOUT"},"name":"ConnectionError"}
[2024-12-23 04:59:42] [error]: Error while connecting to database 

            Error: ConnectionError: Failed to connect to 100.98.115.51:1433 in 15000ms
    at C:\Users\Admin\Angular Projects\Todo-Fullsatck-App\Backend\node_modules\mssql\lib\tedious\connection-pool.js:71:17
    at Connection.onConnect (C:\Users\Admin\Angular Projects\Todo-Fullsatck-App\Backend\node_modules\tedious\lib\connection.js:1043:9)
    at Object.onceWrapper (node:events:639:26)
    at Connection.emit (node:events:524:28)
    at Connection.emit (C:\Users\Admin\Angular Projects\Todo-Fullsatck-App\Backend\node_modules\tedious\lib\connection.js:1071:18)
    at Connection.connectTimeout (C:\Users\Admin\Angular Projects\Todo-Fullsatck-App\Backend\node_modules\tedious\lib\connection.js:1530:10)
    at Timeout._onTimeout (C:\Users\Admin\Angular Projects\Todo-Fullsatck-App\Backend\node_modules\tedious\lib\connection.js:1475:12)
    at listOnTimeout (node:internal/timers:594:17)
    at process.processTimers (node:internal/timers:529:7)

            Error Code: ETIMEOUT

            Original error: ConnectionError: Failed to connect to 100.98.115.51:1433 in 15000ms

            Preceding error: undefined

            Error Name: ConnectionError

            Error Code: ETIMEOUT

            Error Message: Failed to connect to 100.98.115.51:1433 in 15000ms

            Error Number: undefined

            Error State: undefined

            Error Class: undefined

            Error Line number: undefined

            Error Server Name: undefined

            Error Procedure Name: undefined
[2024-12-23 04:59:42] [error]: {"code":"ETIMEOUT","originalError":{"message":"Failed to connect to 100.98.115.51:1433 in 15000ms","code":"ETIMEOUT"},"name":"ConnectionError"}
[2024-12-23 04:59:57] [error]: Error while connecting to database 

            Error: ConnectionError: Failed to connect to 100.98.115.51:1433 in 15000ms
    at C:\Users\Admin\Angular Projects\Todo-Fullsatck-App\Backend\node_modules\mssql\lib\tedious\connection-pool.js:71:17
    at Connection.onConnect (C:\Users\Admin\Angular Projects\Todo-Fullsatck-App\Backend\node_modules\tedious\lib\connection.js:1043:9)
    at Object.onceWrapper (node:events:639:26)
    at Connection.emit (node:events:524:28)
    at Connection.emit (C:\Users\Admin\Angular Projects\Todo-Fullsatck-App\Backend\node_modules\tedious\lib\connection.js:1071:18)
    at Connection.connectTimeout (C:\Users\Admin\Angular Projects\Todo-Fullsatck-App\Backend\node_modules\tedious\lib\connection.js:1530:10)
    at Timeout._onTimeout (C:\Users\Admin\Angular Projects\Todo-Fullsatck-App\Backend\node_modules\tedious\lib\connection.js:1475:12)
    at listOnTimeout (node:internal/timers:594:17)
    at process.processTimers (node:internal/timers:529:7)

            Error Code: ETIMEOUT

            Original error: ConnectionError: Failed to connect to 100.98.115.51:1433 in 15000ms

            Preceding error: undefined

            Error Name: ConnectionError

            Error Code: ETIMEOUT

            Error Message: Failed to connect to 100.98.115.51:1433 in 15000ms

            Error Number: undefined

            Error State: undefined

            Error Class: undefined

            Error Line number: undefined

            Error Server Name: undefined

            Error Procedure Name: undefined
[2024-12-23 04:59:57] [error]: {"code":"ETIMEOUT","originalError":{"message":"Failed to connect to 100.98.115.51:1433 in 15000ms","code":"ETIMEOUT"},"name":"ConnectionError"}
[2024-12-23 05:00:12] [error]: Error while connecting to database 

            Error: ConnectionError: Failed to connect to 100.98.115.51:1433 in 15000ms
    at C:\Users\Admin\Angular Projects\Todo-Fullsatck-App\Backend\node_modules\mssql\lib\tedious\connection-pool.js:71:17
    at Connection.onConnect (C:\Users\Admin\Angular Projects\Todo-Fullsatck-App\Backend\node_modules\tedious\lib\connection.js:1043:9)
    at Object.onceWrapper (node:events:639:26)
    at Connection.emit (node:events:524:28)
    at Connection.emit (C:\Users\Admin\Angular Projects\Todo-Fullsatck-App\Backend\node_modules\tedious\lib\connection.js:1071:18)
    at Connection.connectTimeout (C:\Users\Admin\Angular Projects\Todo-Fullsatck-App\Backend\node_modules\tedious\lib\connection.js:1530:10)
    at Timeout._onTimeout (C:\Users\Admin\Angular Projects\Todo-Fullsatck-App\Backend\node_modules\tedious\lib\connection.js:1475:12)
    at listOnTimeout (node:internal/timers:594:17)
    at process.processTimers (node:internal/timers:529:7)

            Error Code: ETIMEOUT

            Original error: ConnectionError: Failed to connect to 100.98.115.51:1433 in 15000ms

            Preceding error: undefined

            Error Name: ConnectionError

            Error Code: ETIMEOUT

            Error Message: Failed to connect to 100.98.115.51:1433 in 15000ms

            Error Number: undefined

            Error State: undefined

            Error Class: undefined

            Error Line number: undefined

            Error Server Name: undefined

            Error Procedure Name: undefined
[2024-12-23 05:00:12] [error]: {"code":"ETIMEOUT","originalError":{"message":"Failed to connect to 100.98.115.51:1433 in 15000ms","code":"ETIMEOUT"},"name":"ConnectionError"}
[2024-12-23 05:00:27] [error]: Error while connecting to database 

            Error: ConnectionError: Failed to connect to 100.98.115.51:1433 in 15000ms
    at C:\Users\Admin\Angular Projects\Todo-Fullsatck-App\Backend\node_modules\mssql\lib\tedious\connection-pool.js:71:17
    at Connection.onConnect (C:\Users\Admin\Angular Projects\Todo-Fullsatck-App\Backend\node_modules\tedious\lib\connection.js:1043:9)
    at Object.onceWrapper (node:events:639:26)
    at Connection.emit (node:events:524:28)
    at Connection.emit (C:\Users\Admin\Angular Projects\Todo-Fullsatck-App\Backend\node_modules\tedious\lib\connection.js:1071:18)
    at Connection.connectTimeout (C:\Users\Admin\Angular Projects\Todo-Fullsatck-App\Backend\node_modules\tedious\lib\connection.js:1530:10)
    at Timeout._onTimeout (C:\Users\Admin\Angular Projects\Todo-Fullsatck-App\Backend\node_modules\tedious\lib\connection.js:1475:12)
    at listOnTimeout (node:internal/timers:594:17)
    at process.processTimers (node:internal/timers:529:7)

            Error Code: ETIMEOUT

            Original error: ConnectionError: Failed to connect to 100.98.115.51:1433 in 15000ms

            Preceding error: undefined

            Error Name: ConnectionError

            Error Code: ETIMEOUT

            Error Message: Failed to connect to 100.98.115.51:1433 in 15000ms

            Error Number: undefined

            Error State: undefined

            Error Class: undefined

            Error Line number: undefined

            Error Server Name: undefined

            Error Procedure Name: undefined
[2024-12-23 05:00:27] [error]: {"code":"ETIMEOUT","originalError":{"message":"Failed to connect to 100.98.115.51:1433 in 15000ms","code":"ETIMEOUT"},"name":"ConnectionError"}
[2024-12-23 05:00:42] [error]: Error while connecting to database 

            Error: ConnectionError: Failed to connect to 100.98.115.51:1433 in 15000ms
    at C:\Users\Admin\Angular Projects\Todo-Fullsatck-App\Backend\node_modules\mssql\lib\tedious\connection-pool.js:71:17
    at Connection.onConnect (C:\Users\Admin\Angular Projects\Todo-Fullsatck-App\Backend\node_modules\tedious\lib\connection.js:1043:9)
    at Object.onceWrapper (node:events:639:26)
    at Connection.emit (node:events:524:28)
    at Connection.emit (C:\Users\Admin\Angular Projects\Todo-Fullsatck-App\Backend\node_modules\tedious\lib\connection.js:1071:18)
    at Connection.connectTimeout (C:\Users\Admin\Angular Projects\Todo-Fullsatck-App\Backend\node_modules\tedious\lib\connection.js:1530:10)
    at Timeout._onTimeout (C:\Users\Admin\Angular Projects\Todo-Fullsatck-App\Backend\node_modules\tedious\lib\connection.js:1475:12)
    at listOnTimeout (node:internal/timers:594:17)
    at process.processTimers (node:internal/timers:529:7)

            Error Code: ETIMEOUT

            Original error: ConnectionError: Failed to connect to 100.98.115.51:1433 in 15000ms

            Preceding error: undefined

            Error Name: ConnectionError

            Error Code: ETIMEOUT

            Error Message: Failed to connect to 100.98.115.51:1433 in 15000ms

            Error Number: undefined

            Error State: undefined

            Error Class: undefined

            Error Line number: undefined

            Error Server Name: undefined

            Error Procedure Name: undefined
[2024-12-23 05:00:42] [error]: {"code":"ETIMEOUT","originalError":{"message":"Failed to connect to 100.98.115.51:1433 in 15000ms","code":"ETIMEOUT"},"name":"ConnectionError"}
[2024-12-23 05:00:57] [error]: Error while connecting to database 

            Error: ConnectionError: Failed to connect to 100.98.115.51:1433 in 15000ms
    at C:\Users\Admin\Angular Projects\Todo-Fullsatck-App\Backend\node_modules\mssql\lib\tedious\connection-pool.js:71:17
    at Connection.onConnect (C:\Users\Admin\Angular Projects\Todo-Fullsatck-App\Backend\node_modules\tedious\lib\connection.js:1043:9)
    at Object.onceWrapper (node:events:639:26)
    at Connection.emit (node:events:524:28)
    at Connection.emit (C:\Users\Admin\Angular Projects\Todo-Fullsatck-App\Backend\node_modules\tedious\lib\connection.js:1071:18)
    at Connection.connectTimeout (C:\Users\Admin\Angular Projects\Todo-Fullsatck-App\Backend\node_modules\tedious\lib\connection.js:1530:10)
    at Timeout._onTimeout (C:\Users\Admin\Angular Projects\Todo-Fullsatck-App\Backend\node_modules\tedious\lib\connection.js:1475:12)
    at listOnTimeout (node:internal/timers:594:17)
    at process.processTimers (node:internal/timers:529:7)

            Error Code: ETIMEOUT

            Original error: ConnectionError: Failed to connect to 100.98.115.51:1433 in 15000ms

            Preceding error: undefined

            Error Name: ConnectionError

            Error Code: ETIMEOUT

            Error Message: Failed to connect to 100.98.115.51:1433 in 15000ms

            Error Number: undefined

            Error State: undefined

            Error Class: undefined

            Error Line number: undefined

            Error Server Name: undefined

            Error Procedure Name: undefined
[2024-12-23 05:00:57] [error]: {"code":"ETIMEOUT","originalError":{"message":"Failed to connect to 100.98.115.51:1433 in 15000ms","code":"ETIMEOUT"},"name":"ConnectionError"}
[2024-12-23 05:01:12] [error]: Error while connecting to database 

            Error: ConnectionError: Failed to connect to 100.98.115.51:1433 in 15000ms
    at C:\Users\Admin\Angular Projects\Todo-Fullsatck-App\Backend\node_modules\mssql\lib\tedious\connection-pool.js:71:17
    at Connection.onConnect (C:\Users\Admin\Angular Projects\Todo-Fullsatck-App\Backend\node_modules\tedious\lib\connection.js:1043:9)
    at Object.onceWrapper (node:events:639:26)
    at Connection.emit (node:events:524:28)
    at Connection.emit (C:\Users\Admin\Angular Projects\Todo-Fullsatck-App\Backend\node_modules\tedious\lib\connection.js:1071:18)
    at Connection.connectTimeout (C:\Users\Admin\Angular Projects\Todo-Fullsatck-App\Backend\node_modules\tedious\lib\connection.js:1530:10)
    at Timeout._onTimeout (C:\Users\Admin\Angular Projects\Todo-Fullsatck-App\Backend\node_modules\tedious\lib\connection.js:1475:12)
    at listOnTimeout (node:internal/timers:594:17)
    at process.processTimers (node:internal/timers:529:7)

            Error Code: ETIMEOUT

            Original error: ConnectionError: Failed to connect to 100.98.115.51:1433 in 15000ms

            Preceding error: undefined

            Error Name: ConnectionError

            Error Code: ETIMEOUT

            Error Message: Failed to connect to 100.98.115.51:1433 in 15000ms

            Error Number: undefined

            Error State: undefined

            Error Class: undefined

            Error Line number: undefined

            Error Server Name: undefined

            Error Procedure Name: undefined
[2024-12-23 05:01:12] [error]: {"code":"ETIMEOUT","originalError":{"message":"Failed to connect to 100.98.115.51:1433 in 15000ms","code":"ETIMEOUT"},"name":"ConnectionError"}
[2024-12-23 05:01:27] [error]: Error while connecting to database 

            Error: ConnectionError: Failed to connect to 100.98.115.51:1433 in 15000ms
    at C:\Users\Admin\Angular Projects\Todo-Fullsatck-App\Backend\node_modules\mssql\lib\tedious\connection-pool.js:71:17
    at Connection.onConnect (C:\Users\Admin\Angular Projects\Todo-Fullsatck-App\Backend\node_modules\tedious\lib\connection.js:1043:9)
    at Object.onceWrapper (node:events:639:26)
    at Connection.emit (node:events:524:28)
    at Connection.emit (C:\Users\Admin\Angular Projects\Todo-Fullsatck-App\Backend\node_modules\tedious\lib\connection.js:1071:18)
    at Connection.connectTimeout (C:\Users\Admin\Angular Projects\Todo-Fullsatck-App\Backend\node_modules\tedious\lib\connection.js:1530:10)
    at Timeout._onTimeout (C:\Users\Admin\Angular Projects\Todo-Fullsatck-App\Backend\node_modules\tedious\lib\connection.js:1475:12)
    at listOnTimeout (node:internal/timers:594:17)
    at process.processTimers (node:internal/timers:529:7)

            Error Code: ETIMEOUT

            Original error: ConnectionError: Failed to connect to 100.98.115.51:1433 in 15000ms

            Preceding error: undefined

            Error Name: ConnectionError

            Error Code: ETIMEOUT

            Error Message: Failed to connect to 100.98.115.51:1433 in 15000ms

            Error Number: undefined

            Error State: undefined

            Error Class: undefined

            Error Line number: undefined

            Error Server Name: undefined

            Error Procedure Name: undefined
[2024-12-23 05:01:27] [error]: {"code":"ETIMEOUT","originalError":{"message":"Failed to connect to 100.98.115.51:1433 in 15000ms","code":"ETIMEOUT"},"name":"ConnectionError"}
[2024-12-23 05:01:42] [error]: Error while connecting to database 

            Error: ConnectionError: Failed to connect to 100.98.115.51:1433 in 15000ms
    at C:\Users\Admin\Angular Projects\Todo-Fullsatck-App\Backend\node_modules\mssql\lib\tedious\connection-pool.js:71:17
    at Connection.onConnect (C:\Users\Admin\Angular Projects\Todo-Fullsatck-App\Backend\node_modules\tedious\lib\connection.js:1043:9)
    at Object.onceWrapper (node:events:639:26)
    at Connection.emit (node:events:524:28)
    at Connection.emit (C:\Users\Admin\Angular Projects\Todo-Fullsatck-App\Backend\node_modules\tedious\lib\connection.js:1071:18)
    at Connection.connectTimeout (C:\Users\Admin\Angular Projects\Todo-Fullsatck-App\Backend\node_modules\tedious\lib\connection.js:1530:10)
    at Timeout._onTimeout (C:\Users\Admin\Angular Projects\Todo-Fullsatck-App\Backend\node_modules\tedious\lib\connection.js:1475:12)
    at listOnTimeout (node:internal/timers:594:17)
    at process.processTimers (node:internal/timers:529:7)

            Error Code: ETIMEOUT

            Original error: ConnectionError: Failed to connect to 100.98.115.51:1433 in 15000ms

            Preceding error: undefined

            Error Name: ConnectionError

            Error Code: ETIMEOUT

            Error Message: Failed to connect to 100.98.115.51:1433 in 15000ms

            Error Number: undefined

            Error State: undefined

            Error Class: undefined

            Error Line number: undefined

            Error Server Name: undefined

            Error Procedure Name: undefined
[2024-12-23 05:01:42] [error]: {"code":"ETIMEOUT","originalError":{"message":"Failed to connect to 100.98.115.51:1433 in 15000ms","code":"ETIMEOUT"},"name":"ConnectionError"}
[2024-12-23 05:01:57] [error]: Error while connecting to database 

            Error: ConnectionError: Failed to connect to 100.98.115.51:1433 in 15000ms
    at C:\Users\Admin\Angular Projects\Todo-Fullsatck-App\Backend\node_modules\mssql\lib\tedious\connection-pool.js:71:17
    at Connection.onConnect (C:\Users\Admin\Angular Projects\Todo-Fullsatck-App\Backend\node_modules\tedious\lib\connection.js:1043:9)
    at Object.onceWrapper (node:events:639:26)
    at Connection.emit (node:events:524:28)
    at Connection.emit (C:\Users\Admin\Angular Projects\Todo-Fullsatck-App\Backend\node_modules\tedious\lib\connection.js:1071:18)
    at Connection.connectTimeout (C:\Users\Admin\Angular Projects\Todo-Fullsatck-App\Backend\node_modules\tedious\lib\connection.js:1530:10)
    at Timeout._onTimeout (C:\Users\Admin\Angular Projects\Todo-Fullsatck-App\Backend\node_modules\tedious\lib\connection.js:1475:12)
    at listOnTimeout (node:internal/timers:594:17)
    at process.processTimers (node:internal/timers:529:7)

            Error Code: ETIMEOUT

            Original error: ConnectionError: Failed to connect to 100.98.115.51:1433 in 15000ms

            Preceding error: undefined

            Error Name: ConnectionError

            Error Code: ETIMEOUT

            Error Message: Failed to connect to 100.98.115.51:1433 in 15000ms

            Error Number: undefined

            Error State: undefined

            Error Class: undefined

            Error Line number: undefined

            Error Server Name: undefined

            Error Procedure Name: undefined
[2024-12-23 05:01:57] [error]: {"code":"ETIMEOUT","originalError":{"message":"Failed to connect to 100.98.115.51:1433 in 15000ms","code":"ETIMEOUT"},"name":"ConnectionError"}
[2024-12-23 05:02:12] [error]: Error while connecting to database 

            Error: ConnectionError: Failed to connect to 100.98.115.51:1433 in 15000ms
    at C:\Users\Admin\Angular Projects\Todo-Fullsatck-App\Backend\node_modules\mssql\lib\tedious\connection-pool.js:71:17
    at Connection.onConnect (C:\Users\Admin\Angular Projects\Todo-Fullsatck-App\Backend\node_modules\tedious\lib\connection.js:1043:9)
    at Object.onceWrapper (node:events:639:26)
    at Connection.emit (node:events:524:28)
    at Connection.emit (C:\Users\Admin\Angular Projects\Todo-Fullsatck-App\Backend\node_modules\tedious\lib\connection.js:1071:18)
    at Connection.connectTimeout (C:\Users\Admin\Angular Projects\Todo-Fullsatck-App\Backend\node_modules\tedious\lib\connection.js:1530:10)
    at Timeout._onTimeout (C:\Users\Admin\Angular Projects\Todo-Fullsatck-App\Backend\node_modules\tedious\lib\connection.js:1475:12)
    at listOnTimeout (node:internal/timers:594:17)
    at process.processTimers (node:internal/timers:529:7)

            Error Code: ETIMEOUT

            Original error: ConnectionError: Failed to connect to 100.98.115.51:1433 in 15000ms

            Preceding error: undefined

            Error Name: ConnectionError

            Error Code: ETIMEOUT

            Error Message: Failed to connect to 100.98.115.51:1433 in 15000ms

            Error Number: undefined

            Error State: undefined

            Error Class: undefined

            Error Line number: undefined

            Error Server Name: undefined

            Error Procedure Name: undefined
[2024-12-23 05:02:12] [error]: {"code":"ETIMEOUT","originalError":{"message":"Failed to connect to 100.98.115.51:1433 in 15000ms","code":"ETIMEOUT"},"name":"ConnectionError"}
[2024-12-23 05:02:27] [error]: Error while connecting to database 

            Error: ConnectionError: Failed to connect to 100.98.115.51:1433 in 15000ms
    at C:\Users\Admin\Angular Projects\Todo-Fullsatck-App\Backend\node_modules\mssql\lib\tedious\connection-pool.js:71:17
    at Connection.onConnect (C:\Users\Admin\Angular Projects\Todo-Fullsatck-App\Backend\node_modules\tedious\lib\connection.js:1043:9)
    at Object.onceWrapper (node:events:639:26)
    at Connection.emit (node:events:524:28)
    at Connection.emit (C:\Users\Admin\Angular Projects\Todo-Fullsatck-App\Backend\node_modules\tedious\lib\connection.js:1071:18)
    at Connection.connectTimeout (C:\Users\Admin\Angular Projects\Todo-Fullsatck-App\Backend\node_modules\tedious\lib\connection.js:1530:10)
    at Timeout._onTimeout (C:\Users\Admin\Angular Projects\Todo-Fullsatck-App\Backend\node_modules\tedious\lib\connection.js:1475:12)
    at listOnTimeout (node:internal/timers:594:17)
    at process.processTimers (node:internal/timers:529:7)

            Error Code: ETIMEOUT

            Original error: ConnectionError: Failed to connect to 100.98.115.51:1433 in 15000ms

            Preceding error: undefined

            Error Name: ConnectionError

            Error Code: ETIMEOUT

            Error Message: Failed to connect to 100.98.115.51:1433 in 15000ms

            Error Number: undefined

            Error State: undefined

            Error Class: undefined

            Error Line number: undefined

            Error Server Name: undefined

            Error Procedure Name: undefined
[2024-12-23 05:02:27] [error]: {"code":"ETIMEOUT","originalError":{"message":"Failed to connect to 100.98.115.51:1433 in 15000ms","code":"ETIMEOUT"},"name":"ConnectionError"}
[2024-12-23 05:02:42] [error]: Error while connecting to database 

            Error: ConnectionError: Failed to connect to 100.98.115.51:1433 in 15000ms
    at C:\Users\Admin\Angular Projects\Todo-Fullsatck-App\Backend\node_modules\mssql\lib\tedious\connection-pool.js:71:17
    at Connection.onConnect (C:\Users\Admin\Angular Projects\Todo-Fullsatck-App\Backend\node_modules\tedious\lib\connection.js:1043:9)
    at Object.onceWrapper (node:events:639:26)
    at Connection.emit (node:events:524:28)
    at Connection.emit (C:\Users\Admin\Angular Projects\Todo-Fullsatck-App\Backend\node_modules\tedious\lib\connection.js:1071:18)
    at Connection.connectTimeout (C:\Users\Admin\Angular Projects\Todo-Fullsatck-App\Backend\node_modules\tedious\lib\connection.js:1530:10)
    at Timeout._onTimeout (C:\Users\Admin\Angular Projects\Todo-Fullsatck-App\Backend\node_modules\tedious\lib\connection.js:1475:12)
    at listOnTimeout (node:internal/timers:594:17)
    at process.processTimers (node:internal/timers:529:7)

            Error Code: ETIMEOUT

            Original error: ConnectionError: Failed to connect to 100.98.115.51:1433 in 15000ms

            Preceding error: undefined

            Error Name: ConnectionError

            Error Code: ETIMEOUT

            Error Message: Failed to connect to 100.98.115.51:1433 in 15000ms

            Error Number: undefined

            Error State: undefined

            Error Class: undefined

            Error Line number: undefined

            Error Server Name: undefined

            Error Procedure Name: undefined
[2024-12-23 05:02:42] [error]: {"code":"ETIMEOUT","originalError":{"message":"Failed to connect to 100.98.115.51:1433 in 15000ms","code":"ETIMEOUT"},"name":"ConnectionError"}
[2024-12-23 05:02:57] [error]: Error while connecting to database 

            Error: ConnectionError: Failed to connect to 100.98.115.51:1433 in 15000ms
    at C:\Users\Admin\Angular Projects\Todo-Fullsatck-App\Backend\node_modules\mssql\lib\tedious\connection-pool.js:71:17
    at Connection.onConnect (C:\Users\Admin\Angular Projects\Todo-Fullsatck-App\Backend\node_modules\tedious\lib\connection.js:1043:9)
    at Object.onceWrapper (node:events:639:26)
    at Connection.emit (node:events:524:28)
    at Connection.emit (C:\Users\Admin\Angular Projects\Todo-Fullsatck-App\Backend\node_modules\tedious\lib\connection.js:1071:18)
    at Connection.connectTimeout (C:\Users\Admin\Angular Projects\Todo-Fullsatck-App\Backend\node_modules\tedious\lib\connection.js:1530:10)
    at Timeout._onTimeout (C:\Users\Admin\Angular Projects\Todo-Fullsatck-App\Backend\node_modules\tedious\lib\connection.js:1475:12)
    at listOnTimeout (node:internal/timers:594:17)
    at process.processTimers (node:internal/timers:529:7)

            Error Code: ETIMEOUT

            Original error: ConnectionError: Failed to connect to 100.98.115.51:1433 in 15000ms

            Preceding error: undefined

            Error Name: ConnectionError

            Error Code: ETIMEOUT

            Error Message: Failed to connect to 100.98.115.51:1433 in 15000ms

            Error Number: undefined

            Error State: undefined

            Error Class: undefined

            Error Line number: undefined

            Error Server Name: undefined

            Error Procedure Name: undefined
[2024-12-23 05:02:57] [error]: {"code":"ETIMEOUT","originalError":{"message":"Failed to connect to 100.98.115.51:1433 in 15000ms","code":"ETIMEOUT"},"name":"ConnectionError"}
[2024-12-23 05:03:12] [error]: Error while connecting to database 

            Error: ConnectionError: Failed to connect to 100.98.115.51:1433 in 15000ms
    at C:\Users\Admin\Angular Projects\Todo-Fullsatck-App\Backend\node_modules\mssql\lib\tedious\connection-pool.js:71:17
    at Connection.onConnect (C:\Users\Admin\Angular Projects\Todo-Fullsatck-App\Backend\node_modules\tedious\lib\connection.js:1043:9)
    at Object.onceWrapper (node:events:639:26)
    at Connection.emit (node:events:524:28)
    at Connection.emit (C:\Users\Admin\Angular Projects\Todo-Fullsatck-App\Backend\node_modules\tedious\lib\connection.js:1071:18)
    at Connection.connectTimeout (C:\Users\Admin\Angular Projects\Todo-Fullsatck-App\Backend\node_modules\tedious\lib\connection.js:1530:10)
    at Timeout._onTimeout (C:\Users\Admin\Angular Projects\Todo-Fullsatck-App\Backend\node_modules\tedious\lib\connection.js:1475:12)
    at listOnTimeout (node:internal/timers:594:17)
    at process.processTimers (node:internal/timers:529:7)

            Error Code: ETIMEOUT

            Original error: ConnectionError: Failed to connect to 100.98.115.51:1433 in 15000ms

            Preceding error: undefined

            Error Name: ConnectionError

            Error Code: ETIMEOUT

            Error Message: Failed to connect to 100.98.115.51:1433 in 15000ms

            Error Number: undefined

            Error State: undefined

            Error Class: undefined

            Error Line number: undefined

            Error Server Name: undefined

            Error Procedure Name: undefined
[2024-12-23 05:03:12] [error]: {"code":"ETIMEOUT","originalError":{"message":"Failed to connect to 100.98.115.51:1433 in 15000ms","code":"ETIMEOUT"},"name":"ConnectionError"}
[2024-12-23 05:03:27] [error]: Error while connecting to database 

            Error: ConnectionError: Failed to connect to 100.98.115.51:1433 in 15000ms
    at C:\Users\Admin\Angular Projects\Todo-Fullsatck-App\Backend\node_modules\mssql\lib\tedious\connection-pool.js:71:17
    at Connection.onConnect (C:\Users\Admin\Angular Projects\Todo-Fullsatck-App\Backend\node_modules\tedious\lib\connection.js:1043:9)
    at Object.onceWrapper (node:events:639:26)
    at Connection.emit (node:events:524:28)
    at Connection.emit (C:\Users\Admin\Angular Projects\Todo-Fullsatck-App\Backend\node_modules\tedious\lib\connection.js:1071:18)
    at Connection.connectTimeout (C:\Users\Admin\Angular Projects\Todo-Fullsatck-App\Backend\node_modules\tedious\lib\connection.js:1530:10)
    at Timeout._onTimeout (C:\Users\Admin\Angular Projects\Todo-Fullsatck-App\Backend\node_modules\tedious\lib\connection.js:1475:12)
    at listOnTimeout (node:internal/timers:594:17)
    at process.processTimers (node:internal/timers:529:7)

            Error Code: ETIMEOUT

            Original error: ConnectionError: Failed to connect to 100.98.115.51:1433 in 15000ms

            Preceding error: undefined

            Error Name: ConnectionError

            Error Code: ETIMEOUT

            Error Message: Failed to connect to 100.98.115.51:1433 in 15000ms

            Error Number: undefined

            Error State: undefined

            Error Class: undefined

            Error Line number: undefined

            Error Server Name: undefined

            Error Procedure Name: undefined
[2024-12-23 05:03:27] [error]: {"code":"ETIMEOUT","originalError":{"message":"Failed to connect to 100.98.115.51:1433 in 15000ms","code":"ETIMEOUT"},"name":"ConnectionError"}
[2024-12-23 05:03:42] [error]: Error while connecting to database 

            Error: ConnectionError: Failed to connect to 100.98.115.51:1433 in 15000ms
    at C:\Users\Admin\Angular Projects\Todo-Fullsatck-App\Backend\node_modules\mssql\lib\tedious\connection-pool.js:71:17
    at Connection.onConnect (C:\Users\Admin\Angular Projects\Todo-Fullsatck-App\Backend\node_modules\tedious\lib\connection.js:1043:9)
    at Object.onceWrapper (node:events:639:26)
    at Connection.emit (node:events:524:28)
    at Connection.emit (C:\Users\Admin\Angular Projects\Todo-Fullsatck-App\Backend\node_modules\tedious\lib\connection.js:1071:18)
    at Connection.connectTimeout (C:\Users\Admin\Angular Projects\Todo-Fullsatck-App\Backend\node_modules\tedious\lib\connection.js:1530:10)
    at Timeout._onTimeout (C:\Users\Admin\Angular Projects\Todo-Fullsatck-App\Backend\node_modules\tedious\lib\connection.js:1475:12)
    at listOnTimeout (node:internal/timers:594:17)
    at process.processTimers (node:internal/timers:529:7)

            Error Code: ETIMEOUT

            Original error: ConnectionError: Failed to connect to 100.98.115.51:1433 in 15000ms

            Preceding error: undefined

            Error Name: ConnectionError

            Error Code: ETIMEOUT

            Error Message: Failed to connect to 100.98.115.51:1433 in 15000ms

            Error Number: undefined

            Error State: undefined

            Error Class: undefined

            Error Line number: undefined

            Error Server Name: undefined

            Error Procedure Name: undefined
[2024-12-23 05:03:42] [error]: {"code":"ETIMEOUT","originalError":{"message":"Failed to connect to 100.98.115.51:1433 in 15000ms","code":"ETIMEOUT"},"name":"ConnectionError"}
[2024-12-23 05:03:57] [error]: Error while connecting to database 

            Error: ConnectionError: Failed to connect to 100.98.115.51:1433 in 15000ms
    at C:\Users\Admin\Angular Projects\Todo-Fullsatck-App\Backend\node_modules\mssql\lib\tedious\connection-pool.js:71:17
    at Connection.onConnect (C:\Users\Admin\Angular Projects\Todo-Fullsatck-App\Backend\node_modules\tedious\lib\connection.js:1043:9)
    at Object.onceWrapper (node:events:639:26)
    at Connection.emit (node:events:524:28)
    at Connection.emit (C:\Users\Admin\Angular Projects\Todo-Fullsatck-App\Backend\node_modules\tedious\lib\connection.js:1071:18)
    at Connection.connectTimeout (C:\Users\Admin\Angular Projects\Todo-Fullsatck-App\Backend\node_modules\tedious\lib\connection.js:1530:10)
    at Timeout._onTimeout (C:\Users\Admin\Angular Projects\Todo-Fullsatck-App\Backend\node_modules\tedious\lib\connection.js:1475:12)
    at listOnTimeout (node:internal/timers:594:17)
    at process.processTimers (node:internal/timers:529:7)

            Error Code: ETIMEOUT

            Original error: ConnectionError: Failed to connect to 100.98.115.51:1433 in 15000ms

            Preceding error: undefined

            Error Name: ConnectionError

            Error Code: ETIMEOUT

            Error Message: Failed to connect to 100.98.115.51:1433 in 15000ms

            Error Number: undefined

            Error State: undefined

            Error Class: undefined

            Error Line number: undefined

            Error Server Name: undefined

            Error Procedure Name: undefined
[2024-12-23 05:03:57] [error]: {"code":"ETIMEOUT","originalError":{"message":"Failed to connect to 100.98.115.51:1433 in 15000ms","code":"ETIMEOUT"},"name":"ConnectionError"}
[2024-12-23 05:04:12] [error]: Error while connecting to database 

            Error: ConnectionError: Failed to connect to 100.98.115.51:1433 in 15000ms
    at C:\Users\Admin\Angular Projects\Todo-Fullsatck-App\Backend\node_modules\mssql\lib\tedious\connection-pool.js:71:17
    at Connection.onConnect (C:\Users\Admin\Angular Projects\Todo-Fullsatck-App\Backend\node_modules\tedious\lib\connection.js:1043:9)
    at Object.onceWrapper (node:events:639:26)
    at Connection.emit (node:events:524:28)
    at Connection.emit (C:\Users\Admin\Angular Projects\Todo-Fullsatck-App\Backend\node_modules\tedious\lib\connection.js:1071:18)
    at Connection.connectTimeout (C:\Users\Admin\Angular Projects\Todo-Fullsatck-App\Backend\node_modules\tedious\lib\connection.js:1530:10)
    at Timeout._onTimeout (C:\Users\Admin\Angular Projects\Todo-Fullsatck-App\Backend\node_modules\tedious\lib\connection.js:1475:12)
    at listOnTimeout (node:internal/timers:594:17)
    at process.processTimers (node:internal/timers:529:7)

            Error Code: ETIMEOUT

            Original error: ConnectionError: Failed to connect to 100.98.115.51:1433 in 15000ms

            Preceding error: undefined

            Error Name: ConnectionError

            Error Code: ETIMEOUT

            Error Message: Failed to connect to 100.98.115.51:1433 in 15000ms

            Error Number: undefined

            Error State: undefined

            Error Class: undefined

            Error Line number: undefined

            Error Server Name: undefined

            Error Procedure Name: undefined
[2024-12-23 05:04:12] [error]: {"code":"ETIMEOUT","originalError":{"message":"Failed to connect to 100.98.115.51:1433 in 15000ms","code":"ETIMEOUT"},"name":"ConnectionError"}
[2024-12-23 05:04:27] [error]: Error while connecting to database 

            Error: ConnectionError: Failed to connect to 100.98.115.51:1433 in 15000ms
    at C:\Users\Admin\Angular Projects\Todo-Fullsatck-App\Backend\node_modules\mssql\lib\tedious\connection-pool.js:71:17
    at Connection.onConnect (C:\Users\Admin\Angular Projects\Todo-Fullsatck-App\Backend\node_modules\tedious\lib\connection.js:1043:9)
    at Object.onceWrapper (node:events:639:26)
    at Connection.emit (node:events:524:28)
    at Connection.emit (C:\Users\Admin\Angular Projects\Todo-Fullsatck-App\Backend\node_modules\tedious\lib\connection.js:1071:18)
    at Connection.connectTimeout (C:\Users\Admin\Angular Projects\Todo-Fullsatck-App\Backend\node_modules\tedious\lib\connection.js:1530:10)
    at Timeout._onTimeout (C:\Users\Admin\Angular Projects\Todo-Fullsatck-App\Backend\node_modules\tedious\lib\connection.js:1475:12)
    at listOnTimeout (node:internal/timers:594:17)
    at process.processTimers (node:internal/timers:529:7)

            Error Code: ETIMEOUT

            Original error: ConnectionError: Failed to connect to 100.98.115.51:1433 in 15000ms

            Preceding error: undefined

            Error Name: ConnectionError

            Error Code: ETIMEOUT

            Error Message: Failed to connect to 100.98.115.51:1433 in 15000ms

            Error Number: undefined

            Error State: undefined

            Error Class: undefined

            Error Line number: undefined

            Error Server Name: undefined

            Error Procedure Name: undefined
[2024-12-23 05:04:27] [error]: {"code":"ETIMEOUT","originalError":{"message":"Failed to connect to 100.98.115.51:1433 in 15000ms","code":"ETIMEOUT"},"name":"ConnectionError"}
[2024-12-23 05:04:42] [error]: Error while connecting to database 

            Error: ConnectionError: Failed to connect to 100.98.115.51:1433 in 15000ms
    at C:\Users\Admin\Angular Projects\Todo-Fullsatck-App\Backend\node_modules\mssql\lib\tedious\connection-pool.js:71:17
    at Connection.onConnect (C:\Users\Admin\Angular Projects\Todo-Fullsatck-App\Backend\node_modules\tedious\lib\connection.js:1043:9)
    at Object.onceWrapper (node:events:639:26)
    at Connection.emit (node:events:524:28)
    at Connection.emit (C:\Users\Admin\Angular Projects\Todo-Fullsatck-App\Backend\node_modules\tedious\lib\connection.js:1071:18)
    at Connection.connectTimeout (C:\Users\Admin\Angular Projects\Todo-Fullsatck-App\Backend\node_modules\tedious\lib\connection.js:1530:10)
    at Timeout._onTimeout (C:\Users\Admin\Angular Projects\Todo-Fullsatck-App\Backend\node_modules\tedious\lib\connection.js:1475:12)
    at listOnTimeout (node:internal/timers:594:17)
    at process.processTimers (node:internal/timers:529:7)

            Error Code: ETIMEOUT

            Original error: ConnectionError: Failed to connect to 100.98.115.51:1433 in 15000ms

            Preceding error: undefined

            Error Name: ConnectionError

            Error Code: ETIMEOUT

            Error Message: Failed to connect to 100.98.115.51:1433 in 15000ms

            Error Number: undefined

            Error State: undefined

            Error Class: undefined

            Error Line number: undefined

            Error Server Name: undefined

            Error Procedure Name: undefined
[2024-12-23 05:04:42] [error]: {"code":"ETIMEOUT","originalError":{"message":"Failed to connect to 100.98.115.51:1433 in 15000ms","code":"ETIMEOUT"},"name":"ConnectionError"}
[2024-12-23 05:04:57] [error]: Error while connecting to database 

            Error: ConnectionError: Failed to connect to 100.98.115.51:1433 in 15000ms
    at C:\Users\Admin\Angular Projects\Todo-Fullsatck-App\Backend\node_modules\mssql\lib\tedious\connection-pool.js:71:17
    at Connection.onConnect (C:\Users\Admin\Angular Projects\Todo-Fullsatck-App\Backend\node_modules\tedious\lib\connection.js:1043:9)
    at Object.onceWrapper (node:events:639:26)
    at Connection.emit (node:events:524:28)
    at Connection.emit (C:\Users\Admin\Angular Projects\Todo-Fullsatck-App\Backend\node_modules\tedious\lib\connection.js:1071:18)
    at Connection.connectTimeout (C:\Users\Admin\Angular Projects\Todo-Fullsatck-App\Backend\node_modules\tedious\lib\connection.js:1530:10)
    at Timeout._onTimeout (C:\Users\Admin\Angular Projects\Todo-Fullsatck-App\Backend\node_modules\tedious\lib\connection.js:1475:12)
    at listOnTimeout (node:internal/timers:594:17)
    at process.processTimers (node:internal/timers:529:7)

            Error Code: ETIMEOUT

            Original error: ConnectionError: Failed to connect to 100.98.115.51:1433 in 15000ms

            Preceding error: undefined

            Error Name: ConnectionError

            Error Code: ETIMEOUT

            Error Message: Failed to connect to 100.98.115.51:1433 in 15000ms

            Error Number: undefined

            Error State: undefined

            Error Class: undefined

            Error Line number: undefined

            Error Server Name: undefined

            Error Procedure Name: undefined
[2024-12-23 05:04:57] [error]: {"code":"ETIMEOUT","originalError":{"message":"Failed to connect to 100.98.115.51:1433 in 15000ms","code":"ETIMEOUT"},"name":"ConnectionError"}
[2024-12-23 05:05:12] [error]: Error while connecting to database 

            Error: ConnectionError: Failed to connect to 100.98.115.51:1433 in 15000ms
    at C:\Users\Admin\Angular Projects\Todo-Fullsatck-App\Backend\node_modules\mssql\lib\tedious\connection-pool.js:71:17
    at Connection.onConnect (C:\Users\Admin\Angular Projects\Todo-Fullsatck-App\Backend\node_modules\tedious\lib\connection.js:1043:9)
    at Object.onceWrapper (node:events:639:26)
    at Connection.emit (node:events:524:28)
    at Connection.emit (C:\Users\Admin\Angular Projects\Todo-Fullsatck-App\Backend\node_modules\tedious\lib\connection.js:1071:18)
    at Connection.connectTimeout (C:\Users\Admin\Angular Projects\Todo-Fullsatck-App\Backend\node_modules\tedious\lib\connection.js:1530:10)
    at Timeout._onTimeout (C:\Users\Admin\Angular Projects\Todo-Fullsatck-App\Backend\node_modules\tedious\lib\connection.js:1475:12)
    at listOnTimeout (node:internal/timers:594:17)
    at process.processTimers (node:internal/timers:529:7)

            Error Code: ETIMEOUT

            Original error: ConnectionError: Failed to connect to 100.98.115.51:1433 in 15000ms

            Preceding error: undefined

            Error Name: ConnectionError

            Error Code: ETIMEOUT

            Error Message: Failed to connect to 100.98.115.51:1433 in 15000ms

            Error Number: undefined

            Error State: undefined

            Error Class: undefined

            Error Line number: undefined

            Error Server Name: undefined

            Error Procedure Name: undefined
[2024-12-23 05:05:12] [error]: {"code":"ETIMEOUT","originalError":{"message":"Failed to connect to 100.98.115.51:1433 in 15000ms","code":"ETIMEOUT"},"name":"ConnectionError"}
[2024-12-23 05:05:27] [error]: Error while connecting to database 

            Error: ConnectionError: Failed to connect to 100.98.115.51:1433 in 15000ms
    at C:\Users\Admin\Angular Projects\Todo-Fullsatck-App\Backend\node_modules\mssql\lib\tedious\connection-pool.js:71:17
    at Connection.onConnect (C:\Users\Admin\Angular Projects\Todo-Fullsatck-App\Backend\node_modules\tedious\lib\connection.js:1043:9)
    at Object.onceWrapper (node:events:639:26)
    at Connection.emit (node:events:524:28)
    at Connection.emit (C:\Users\Admin\Angular Projects\Todo-Fullsatck-App\Backend\node_modules\tedious\lib\connection.js:1071:18)
    at Connection.connectTimeout (C:\Users\Admin\Angular Projects\Todo-Fullsatck-App\Backend\node_modules\tedious\lib\connection.js:1530:10)
    at Timeout._onTimeout (C:\Users\Admin\Angular Projects\Todo-Fullsatck-App\Backend\node_modules\tedious\lib\connection.js:1475:12)
    at listOnTimeout (node:internal/timers:594:17)
    at process.processTimers (node:internal/timers:529:7)

            Error Code: ETIMEOUT

            Original error: ConnectionError: Failed to connect to 100.98.115.51:1433 in 15000ms

            Preceding error: undefined

            Error Name: ConnectionError

            Error Code: ETIMEOUT

            Error Message: Failed to connect to 100.98.115.51:1433 in 15000ms

            Error Number: undefined

            Error State: undefined

            Error Class: undefined

            Error Line number: undefined

            Error Server Name: undefined

            Error Procedure Name: undefined
[2024-12-23 05:05:27] [error]: {"code":"ETIMEOUT","originalError":{"message":"Failed to connect to 100.98.115.51:1433 in 15000ms","code":"ETIMEOUT"},"name":"ConnectionError"}
[2024-12-23 05:05:42] [error]: Error while connecting to database 

            Error: ConnectionError: Failed to connect to 100.98.115.51:1433 in 15000ms
    at C:\Users\Admin\Angular Projects\Todo-Fullsatck-App\Backend\node_modules\mssql\lib\tedious\connection-pool.js:71:17
    at Connection.onConnect (C:\Users\Admin\Angular Projects\Todo-Fullsatck-App\Backend\node_modules\tedious\lib\connection.js:1043:9)
    at Object.onceWrapper (node:events:639:26)
    at Connection.emit (node:events:524:28)
    at Connection.emit (C:\Users\Admin\Angular Projects\Todo-Fullsatck-App\Backend\node_modules\tedious\lib\connection.js:1071:18)
    at Connection.connectTimeout (C:\Users\Admin\Angular Projects\Todo-Fullsatck-App\Backend\node_modules\tedious\lib\connection.js:1530:10)
    at Timeout._onTimeout (C:\Users\Admin\Angular Projects\Todo-Fullsatck-App\Backend\node_modules\tedious\lib\connection.js:1475:12)
    at listOnTimeout (node:internal/timers:594:17)
    at process.processTimers (node:internal/timers:529:7)

            Error Code: ETIMEOUT

            Original error: ConnectionError: Failed to connect to 100.98.115.51:1433 in 15000ms

            Preceding error: undefined

            Error Name: ConnectionError

            Error Code: ETIMEOUT

            Error Message: Failed to connect to 100.98.115.51:1433 in 15000ms

            Error Number: undefined

            Error State: undefined

            Error Class: undefined

            Error Line number: undefined

            Error Server Name: undefined

            Error Procedure Name: undefined
[2024-12-23 05:05:42] [error]: {"code":"ETIMEOUT","originalError":{"message":"Failed to connect to 100.98.115.51:1433 in 15000ms","code":"ETIMEOUT"},"name":"ConnectionError"}
[2024-12-23 05:05:57] [error]: Error while connecting to database 

            Error: ConnectionError: Failed to connect to 100.98.115.51:1433 in 15000ms
    at C:\Users\Admin\Angular Projects\Todo-Fullsatck-App\Backend\node_modules\mssql\lib\tedious\connection-pool.js:71:17
    at Connection.onConnect (C:\Users\Admin\Angular Projects\Todo-Fullsatck-App\Backend\node_modules\tedious\lib\connection.js:1043:9)
    at Object.onceWrapper (node:events:639:26)
    at Connection.emit (node:events:524:28)
    at Connection.emit (C:\Users\Admin\Angular Projects\Todo-Fullsatck-App\Backend\node_modules\tedious\lib\connection.js:1071:18)
    at Connection.connectTimeout (C:\Users\Admin\Angular Projects\Todo-Fullsatck-App\Backend\node_modules\tedious\lib\connection.js:1530:10)
    at Timeout._onTimeout (C:\Users\Admin\Angular Projects\Todo-Fullsatck-App\Backend\node_modules\tedious\lib\connection.js:1475:12)
    at listOnTimeout (node:internal/timers:594:17)
    at process.processTimers (node:internal/timers:529:7)

            Error Code: ETIMEOUT

            Original error: ConnectionError: Failed to connect to 100.98.115.51:1433 in 15000ms

            Preceding error: undefined

            Error Name: ConnectionError

            Error Code: ETIMEOUT

            Error Message: Failed to connect to 100.98.115.51:1433 in 15000ms

            Error Number: undefined

            Error State: undefined

            Error Class: undefined

            Error Line number: undefined

            Error Server Name: undefined

            Error Procedure Name: undefined
[2024-12-23 05:05:57] [error]: {"code":"ETIMEOUT","originalError":{"message":"Failed to connect to 100.98.115.51:1433 in 15000ms","code":"ETIMEOUT"},"name":"ConnectionError"}
[2024-12-23 05:06:00] [error]: Error while connecting to database 

            Error: ConnectionError: Failed to connect to 100.98.115.51:1433 - Could not connect (sequence)
    at C:\Users\Admin\Angular Projects\Todo-Fullsatck-App\Backend\node_modules\mssql\lib\tedious\connection-pool.js:71:17
    at Connection.onConnect (C:\Users\Admin\Angular Projects\Todo-Fullsatck-App\Backend\node_modules\tedious\lib\connection.js:1043:9)
    at Object.onceWrapper (node:events:639:26)
    at Connection.emit (node:events:524:28)
    at Connection.emit (C:\Users\Admin\Angular Projects\Todo-Fullsatck-App\Backend\node_modules\tedious\lib\connection.js:1071:18)
    at Connection.socketError (C:\Users\Admin\Angular Projects\Todo-Fullsatck-App\Backend\node_modules\tedious\lib\connection.js:1669:12)
    at C:\Users\Admin\Angular Projects\Todo-Fullsatck-App\Backend\node_modules\tedious\lib\connection.js:1428:21
    at SequentialConnectionStrategy.connect (C:\Users\Admin\Angular Projects\Todo-Fullsatck-App\Backend\node_modules\tedious\lib\connector.js:129:14)
    at Socket.onError (C:\Users\Admin\Angular Projects\Todo-Fullsatck-App\Backend\node_modules\tedious\lib\connector.js:149:12)
    at Socket.emit (node:events:524:28)

            Error Code: ESOCKET

            Original error: ConnectionError: Failed to connect to 100.98.115.51:1433 - Could not connect (sequence)

            Preceding error: undefined

            Error Name: ConnectionError

            Error Code: ESOCKET

            Error Message: Failed to connect to 100.98.115.51:1433 - Could not connect (sequence)

            Error Number: undefined

            Error State: undefined

            Error Class: undefined

            Error Line number: undefined

            Error Server Name: undefined

            Error Procedure Name: undefined
[2024-12-23 05:06:10] [error]: {"code":"ESOCKET","originalError":{"message":"Failed to connect to 100.98.115.51:1433 - Could not connect (sequence)","code":"ESOCKET"},"name":"ConnectionError"}
[2024-12-23 05:06:12] [error]: Error while connecting to database 

            Error: ConnectionError: Failed to connect to 100.98.115.51:1433 - Could not connect (sequence)
    at C:\Users\Admin\Angular Projects\Todo-Fullsatck-App\Backend\node_modules\mssql\lib\tedious\connection-pool.js:71:17
    at Connection.onConnect (C:\Users\Admin\Angular Projects\Todo-Fullsatck-App\Backend\node_modules\tedious\lib\connection.js:1043:9)
    at Object.onceWrapper (node:events:639:26)
    at Connection.emit (node:events:524:28)
    at Connection.emit (C:\Users\Admin\Angular Projects\Todo-Fullsatck-App\Backend\node_modules\tedious\lib\connection.js:1071:18)
    at Connection.socketError (C:\Users\Admin\Angular Projects\Todo-Fullsatck-App\Backend\node_modules\tedious\lib\connection.js:1669:12)
    at C:\Users\Admin\Angular Projects\Todo-Fullsatck-App\Backend\node_modules\tedious\lib\connection.js:1428:21
    at SequentialConnectionStrategy.connect (C:\Users\Admin\Angular Projects\Todo-Fullsatck-App\Backend\node_modules\tedious\lib\connector.js:129:14)
    at Socket.onError (C:\Users\Admin\Angular Projects\Todo-Fullsatck-App\Backend\node_modules\tedious\lib\connector.js:149:12)
    at Socket.emit (node:events:524:28)

            Error Code: ESOCKET

            Original error: ConnectionError: Failed to connect to 100.98.115.51:1433 - Could not connect (sequence)

            Preceding error: undefined

            Error Name: ConnectionError

            Error Code: ESOCKET

            Error Message: Failed to connect to 100.98.115.51:1433 - Could not connect (sequence)

            Error Number: undefined

            Error State: undefined

            Error Class: undefined

            Error Line number: undefined

            Error Server Name: undefined

            Error Procedure Name: undefined
[2024-12-23 05:06:17] [error]: {"code":"ESOCKET","originalError":{"message":"Failed to connect to 100.98.115.51:1433 - Could not connect (sequence)","code":"ESOCKET"},"name":"ConnectionError"}
[2024-12-23 05:06:19] [error]: Error while connecting to database 

            Error: ConnectionError: Failed to connect to 100.98.115.51:1433 - Could not connect (sequence)
    at C:\Users\Admin\Angular Projects\Todo-Fullsatck-App\Backend\node_modules\mssql\lib\tedious\connection-pool.js:71:17
    at Connection.onConnect (C:\Users\Admin\Angular Projects\Todo-Fullsatck-App\Backend\node_modules\tedious\lib\connection.js:1043:9)
    at Object.onceWrapper (node:events:639:26)
    at Connection.emit (node:events:524:28)
    at Connection.emit (C:\Users\Admin\Angular Projects\Todo-Fullsatck-App\Backend\node_modules\tedious\lib\connection.js:1071:18)
    at Connection.socketError (C:\Users\Admin\Angular Projects\Todo-Fullsatck-App\Backend\node_modules\tedious\lib\connection.js:1669:12)
    at C:\Users\Admin\Angular Projects\Todo-Fullsatck-App\Backend\node_modules\tedious\lib\connection.js:1428:21
    at SequentialConnectionStrategy.connect (C:\Users\Admin\Angular Projects\Todo-Fullsatck-App\Backend\node_modules\tedious\lib\connector.js:129:14)
    at Socket.onError (C:\Users\Admin\Angular Projects\Todo-Fullsatck-App\Backend\node_modules\tedious\lib\connector.js:149:12)
    at Socket.emit (node:events:524:28)

            Error Code: ESOCKET

            Original error: ConnectionError: Failed to connect to 100.98.115.51:1433 - Could not connect (sequence)

            Preceding error: undefined

            Error Name: ConnectionError

            Error Code: ESOCKET

            Error Message: Failed to connect to 100.98.115.51:1433 - Could not connect (sequence)

            Error Number: undefined

            Error State: undefined

            Error Class: undefined

            Error Line number: undefined

            Error Server Name: undefined

            Error Procedure Name: undefined
[2024-12-23 05:06:24] [error]: {"code":"ESOCKET","originalError":{"message":"Failed to connect to 100.98.115.51:1433 - Could not connect (sequence)","code":"ESOCKET"},"name":"ConnectionError"}
[2024-12-23 05:06:39] [error]: Error while connecting to database 

            Error: ConnectionError: Failed to connect to 100.98.115.51:1433 in 15000ms
    at C:\Users\Admin\Angular Projects\Todo-Fullsatck-App\Backend\node_modules\mssql\lib\tedious\connection-pool.js:71:17
    at Connection.onConnect (C:\Users\Admin\Angular Projects\Todo-Fullsatck-App\Backend\node_modules\tedious\lib\connection.js:1043:9)
    at Object.onceWrapper (node:events:639:26)
    at Connection.emit (node:events:524:28)
    at Connection.emit (C:\Users\Admin\Angular Projects\Todo-Fullsatck-App\Backend\node_modules\tedious\lib\connection.js:1071:18)
    at Connection.connectTimeout (C:\Users\Admin\Angular Projects\Todo-Fullsatck-App\Backend\node_modules\tedious\lib\connection.js:1530:10)
    at Timeout._onTimeout (C:\Users\Admin\Angular Projects\Todo-Fullsatck-App\Backend\node_modules\tedious\lib\connection.js:1475:12)
    at listOnTimeout (node:internal/timers:594:17)
    at process.processTimers (node:internal/timers:529:7)

            Error Code: ETIMEOUT

            Original error: ConnectionError: Failed to connect to 100.98.115.51:1433 in 15000ms

            Preceding error: undefined

            Error Name: ConnectionError

            Error Code: ETIMEOUT

            Error Message: Failed to connect to 100.98.115.51:1433 in 15000ms

            Error Number: undefined

            Error State: undefined

            Error Class: undefined

            Error Line number: undefined

            Error Server Name: undefined

            Error Procedure Name: undefined
[2024-12-23 05:06:39] [error]: {"code":"ETIMEOUT","originalError":{"message":"Failed to connect to 100.98.115.51:1433 in 15000ms","code":"ETIMEOUT"},"name":"ConnectionError"}
[2024-12-23 05:06:54] [error]: Error while connecting to database 

            Error: ConnectionError: Failed to connect to 100.98.115.51:1433 in 15000ms
    at C:\Users\Admin\Angular Projects\Todo-Fullsatck-App\Backend\node_modules\mssql\lib\tedious\connection-pool.js:71:17
    at Connection.onConnect (C:\Users\Admin\Angular Projects\Todo-Fullsatck-App\Backend\node_modules\tedious\lib\connection.js:1043:9)
    at Object.onceWrapper (node:events:639:26)
    at Connection.emit (node:events:524:28)
    at Connection.emit (C:\Users\Admin\Angular Projects\Todo-Fullsatck-App\Backend\node_modules\tedious\lib\connection.js:1071:18)
    at Connection.connectTimeout (C:\Users\Admin\Angular Projects\Todo-Fullsatck-App\Backend\node_modules\tedious\lib\connection.js:1530:10)
    at Timeout._onTimeout (C:\Users\Admin\Angular Projects\Todo-Fullsatck-App\Backend\node_modules\tedious\lib\connection.js:1475:12)
    at listOnTimeout (node:internal/timers:594:17)
    at process.processTimers (node:internal/timers:529:7)

            Error Code: ETIMEOUT

            Original error: ConnectionError: Failed to connect to 100.98.115.51:1433 in 15000ms

            Preceding error: undefined

            Error Name: ConnectionError

            Error Code: ETIMEOUT

            Error Message: Failed to connect to 100.98.115.51:1433 in 15000ms

            Error Number: undefined

            Error State: undefined

            Error Class: undefined

            Error Line number: undefined

            Error Server Name: undefined

            Error Procedure Name: undefined
[2024-12-23 05:06:54] [error]: {"code":"ETIMEOUT","originalError":{"message":"Failed to connect to 100.98.115.51:1433 in 15000ms","code":"ETIMEOUT"},"name":"ConnectionError"}
[2024-12-23 05:07:09] [error]: Error while connecting to database 

            Error: ConnectionError: Failed to connect to 100.98.115.51:1433 in 15000ms
    at C:\Users\Admin\Angular Projects\Todo-Fullsatck-App\Backend\node_modules\mssql\lib\tedious\connection-pool.js:71:17
    at Connection.onConnect (C:\Users\Admin\Angular Projects\Todo-Fullsatck-App\Backend\node_modules\tedious\lib\connection.js:1043:9)
    at Object.onceWrapper (node:events:639:26)
    at Connection.emit (node:events:524:28)
    at Connection.emit (C:\Users\Admin\Angular Projects\Todo-Fullsatck-App\Backend\node_modules\tedious\lib\connection.js:1071:18)
    at Connection.connectTimeout (C:\Users\Admin\Angular Projects\Todo-Fullsatck-App\Backend\node_modules\tedious\lib\connection.js:1530:10)
    at Timeout._onTimeout (C:\Users\Admin\Angular Projects\Todo-Fullsatck-App\Backend\node_modules\tedious\lib\connection.js:1475:12)
    at listOnTimeout (node:internal/timers:594:17)
    at process.processTimers (node:internal/timers:529:7)

            Error Code: ETIMEOUT

            Original error: ConnectionError: Failed to connect to 100.98.115.51:1433 in 15000ms

            Preceding error: undefined

            Error Name: ConnectionError

            Error Code: ETIMEOUT

            Error Message: Failed to connect to 100.98.115.51:1433 in 15000ms

            Error Number: undefined

            Error State: undefined

            Error Class: undefined

            Error Line number: undefined

            Error Server Name: undefined

            Error Procedure Name: undefined
[2024-12-23 05:07:09] [error]: {"code":"ETIMEOUT","originalError":{"message":"Failed to connect to 100.98.115.51:1433 in 15000ms","code":"ETIMEOUT"},"name":"ConnectionError"}
[2024-12-23 05:07:24] [error]: Error while connecting to database 

            Error: ConnectionError: Failed to connect to 100.98.115.51:1433 in 15000ms
    at C:\Users\Admin\Angular Projects\Todo-Fullsatck-App\Backend\node_modules\mssql\lib\tedious\connection-pool.js:71:17
    at Connection.onConnect (C:\Users\Admin\Angular Projects\Todo-Fullsatck-App\Backend\node_modules\tedious\lib\connection.js:1043:9)
    at Object.onceWrapper (node:events:639:26)
    at Connection.emit (node:events:524:28)
    at Connection.emit (C:\Users\Admin\Angular Projects\Todo-Fullsatck-App\Backend\node_modules\tedious\lib\connection.js:1071:18)
    at Connection.connectTimeout (C:\Users\Admin\Angular Projects\Todo-Fullsatck-App\Backend\node_modules\tedious\lib\connection.js:1530:10)
    at Timeout._onTimeout (C:\Users\Admin\Angular Projects\Todo-Fullsatck-App\Backend\node_modules\tedious\lib\connection.js:1475:12)
    at listOnTimeout (node:internal/timers:594:17)
    at process.processTimers (node:internal/timers:529:7)

            Error Code: ETIMEOUT

            Original error: ConnectionError: Failed to connect to 100.98.115.51:1433 in 15000ms

            Preceding error: undefined

            Error Name: ConnectionError

            Error Code: ETIMEOUT

            Error Message: Failed to connect to 100.98.115.51:1433 in 15000ms

            Error Number: undefined

            Error State: undefined

            Error Class: undefined

            Error Line number: undefined

            Error Server Name: undefined

            Error Procedure Name: undefined
[2024-12-23 05:07:24] [error]: {"code":"ETIMEOUT","originalError":{"message":"Failed to connect to 100.98.115.51:1433 in 15000ms","code":"ETIMEOUT"},"name":"ConnectionError"}
[2024-12-23 05:07:39] [error]: Error while connecting to database 

            Error: ConnectionError: Failed to connect to 100.98.115.51:1433 in 15000ms
    at C:\Users\Admin\Angular Projects\Todo-Fullsatck-App\Backend\node_modules\mssql\lib\tedious\connection-pool.js:71:17
    at Connection.onConnect (C:\Users\Admin\Angular Projects\Todo-Fullsatck-App\Backend\node_modules\tedious\lib\connection.js:1043:9)
    at Object.onceWrapper (node:events:639:26)
    at Connection.emit (node:events:524:28)
    at Connection.emit (C:\Users\Admin\Angular Projects\Todo-Fullsatck-App\Backend\node_modules\tedious\lib\connection.js:1071:18)
    at Connection.connectTimeout (C:\Users\Admin\Angular Projects\Todo-Fullsatck-App\Backend\node_modules\tedious\lib\connection.js:1530:10)
    at Timeout._onTimeout (C:\Users\Admin\Angular Projects\Todo-Fullsatck-App\Backend\node_modules\tedious\lib\connection.js:1475:12)
    at listOnTimeout (node:internal/timers:594:17)
    at process.processTimers (node:internal/timers:529:7)

            Error Code: ETIMEOUT

            Original error: ConnectionError: Failed to connect to 100.98.115.51:1433 in 15000ms

            Preceding error: undefined

            Error Name: ConnectionError

            Error Code: ETIMEOUT

            Error Message: Failed to connect to 100.98.115.51:1433 in 15000ms

            Error Number: undefined

            Error State: undefined

            Error Class: undefined

            Error Line number: undefined

            Error Server Name: undefined

            Error Procedure Name: undefined
[2024-12-23 05:07:39] [error]: {"code":"ETIMEOUT","originalError":{"message":"Failed to connect to 100.98.115.51:1433 in 15000ms","code":"ETIMEOUT"},"name":"ConnectionError"}
[2024-12-23 05:07:44] [info]: Express server listening on port 3000
